<?xml version="1.0"?>
<component name="ds:repository-test">

  <extension target="org.nuxeo.runtime.datasource"
    point="datasources">

    <datasource name="jdbc/${nuxeo.test.vcs.database}" driverClassName="${nuxeo.test.vcs.driver}"
        maxActive="30" maxIdle="5" maxWait="10000">
      <property name="url">${nuxeo.test.vcs.url}</property>
      <property name="username">${nuxeo.test.vcs.user}</property>
      <property name="password">${nuxeo.test.vcs.password}</property>
    </datasource>

    <link name="jdbc/repository_${nuxeo.test.vcs.repository}" global="jdbc/${nuxeo.test.vcs.database}"/>

  </extension>

</component>